<?xml version="1.0" encoding="UTF-8"?>
<!-- Generated by org.testng.reporters.JUnitReportReporter -->
<testsuite skipped="0" hostname="Comets-MBP.attlocal.net" name="test.CreateOneProductUsingExternalFileMethod" tests="3" failures="0" timestamp="2023-02-12T23:56:53 CST" time="1.663" errors="0">
  <testcase name="createOneProductUsingExternalJsonFile" time="0.311" classname="test.CreateOneProductUsingExternalFileMethod"/>
  <system-out/>
  <testcase name="readAllProducts" time="1.012" classname="test.CreateOneProductUsingExternalFileMethod"/>
  <system-out/>
  <testcase name="readOneProductWhenCreatingProductUsingExternalJson" time="0.340" classname="test.CreateOneProductUsingExternalFileMethod"/>
  <system-out/>
</testsuite> <!-- test.CreateOneProductUsingExternalFileMethod -->
