<?xml version="1.0" encoding="UTF-8"?>
<!-- Generated by org.testng.reporters.JUnitReportReporter -->
<testsuite skipped="0" hostname="Comets-MBP.attlocal.net" name="test.DeleteOneProductUsingHashMap" tests="2" failures="0" timestamp="2023-02-12T23:56:53 CST" time="0.610" errors="0">
  <testcase name="deleteOneProductUsingHashMap" time="0.312" classname="test.DeleteOneProductUsingHashMap"/>
  <system-out/>
  <testcase name="readOneProduct" time="0.298" classname="test.DeleteOneProductUsingHashMap"/>
  <system-out/>
</testsuite> <!-- test.DeleteOneProductUsingHashMap -->
