<?xml version="1.0" encoding="UTF-8"?>
<!-- Generated by org.testng.reporters.JUnitReportReporter -->
<testsuite skipped="0" hostname="Comets-MBP.attlocal.net" name="test.CreateOneProductUsingHashMapMethodTest" tests="3" failures="0" timestamp="2023-02-13T00:25:08 CST" time="2.849" errors="0">
  <testcase name="createOneProductUsingHashMap" time="1.634" classname="test.CreateOneProductUsingHashMapMethodTest"/>
  <system-out/>
  <testcase name="readAllProducts" time="0.897" classname="test.CreateOneProductUsingHashMapMethodTest"/>
  <system-out/>
  <testcase name="readOneProductWhenCreatingProductUsingHashMap" time="0.318" classname="test.CreateOneProductUsingHashMapMethodTest"/>
  <system-out/>
</testsuite> <!-- test.CreateOneProductUsingHashMapMethodTest -->
