<?xml version="1.0" encoding="UTF-8"?>
<!-- Generated by org.testng.reporters.JUnitReportReporter -->
<testsuite skipped="0" hostname="Comets-MBP.attlocal.net" name="test.UpdateOneProductUsingHashMapTest" tests="2" failures="0" timestamp="2023-02-13T00:25:27 CST" time="1.954" errors="0">
  <testcase name="updateOneProductUsingHashMap" time="1.614" classname="test.UpdateOneProductUsingHashMapTest"/>
  <system-out/>
  <testcase name="readOneProduct" time="0.340" classname="test.UpdateOneProductUsingHashMapTest"/>
  <system-out/>
</testsuite> <!-- test.UpdateOneProductUsingHashMapTest -->
