<?xml version="1.0" encoding="UTF-8"?>
<!-- Generated by org.testng.reporters.JUnitReportReporter -->
<testsuite skipped="0" hostname="Comets-MBP.attlocal.net" name="testCases.UpdateOneProductUsingHashMap" tests="2" failures="0" timestamp="05 Feb 2023 19:09:36 GMT" time="1.866" errors="0">
  <testcase name="updateOneProductUsingHashMap" time="1.503" classname="testCases.UpdateOneProductUsingHashMap"/>
  <testcase name="readOneProduct" time="0.363" classname="testCases.UpdateOneProductUsingHashMap"/>
</testsuite> <!-- testCases.UpdateOneProductUsingHashMap -->
