<?xml version="1.0" encoding="UTF-8"?>
<!-- Generated by org.testng.reporters.JUnitReportReporter -->
<testsuite skipped="0" hostname="Comets-MBP.attlocal.net" name="testCases.CreateOneProductUsingHashMapMethod" tests="1" failures="0" timestamp="13 Feb 2023 04:37:04 GMT" time="0.481" errors="0">
  <testcase name="createOneProductUsingHashMap" time="0.481" classname="testCases.CreateOneProductUsingHashMapMethod"/>
</testsuite> <!-- testCases.CreateOneProductUsingHashMapMethod -->
