<?xml version="1.0" encoding="UTF-8"?>
<!-- Generated by org.testng.reporters.JUnitReportReporter -->
<testsuite skipped="0" hostname="Comets-MBP.attlocal.net" name="test.ReadAllProducts" tests="1" failures="0" timestamp="2023-02-12T23:56:53 CST" time="0.626" errors="0">
  <testcase name="readAllProducts" time="0.626" classname="test.ReadAllProducts"/>
  <system-out/>
</testsuite> <!-- test.ReadAllProducts -->
