<?xml version="1.0" encoding="UTF-8"?>
<!-- Generated by org.testng.reporters.JUnitReportReporter -->
<testsuite skipped="0" hostname="Comets-MBP.attlocal.net" name="test.CreateOneProductUsingExternalFileMethodDynamic" tests="3" failures="0" timestamp="2023-02-12T23:56:53 CST" time="1.351" errors="0">
  <testcase name="createOneProductUsingExternalJsonFile" time="0.300" classname="test.CreateOneProductUsingExternalFileMethodDynamic"/>
  <system-out/>
  <testcase name="readAllProducts" time="0.727" classname="test.CreateOneProductUsingExternalFileMethodDynamic"/>
  <system-out/>
  <testcase name="readOneProductWhenCreatingProductUsingExternalJson" time="0.324" classname="test.CreateOneProductUsingExternalFileMethodDynamic"/>
  <system-out/>
</testsuite> <!-- test.CreateOneProductUsingExternalFileMethodDynamic -->
