<?xml version="1.0" encoding="UTF-8"?>
<!-- Generated by org.testng.reporters.JUnitReportReporter -->
<testsuite skipped="0" hostname="Comets-MBP.attlocal.net" name="test.CreateOneProductUsingHashMapMethod" tests="3" failures="0" timestamp="2023-02-12T23:56:53 CST" time="1.259" errors="0">
  <testcase name="createOneProductUsingHashMap" time="0.291" classname="test.CreateOneProductUsingHashMapMethod"/>
  <system-out/>
  <testcase name="readAllProducts" time="0.655" classname="test.CreateOneProductUsingHashMapMethod"/>
  <system-out/>
  <testcase name="readOneProductWhenCreatingProductUsingHashMap" time="0.313" classname="test.CreateOneProductUsingHashMapMethod"/>
  <system-out/>
</testsuite> <!-- test.CreateOneProductUsingHashMapMethod -->
