<?xml version="1.0" encoding="UTF-8"?>
<!-- Generated by org.testng.reporters.JUnitReportReporter -->
<testsuite skipped="0" hostname="Comets-MBP.attlocal.net" name="testCases.CreateOneProductUsingExternalFileMethod" tests="3" failures="0" timestamp="13 Feb 2023 04:34:03 GMT" time="2.971" errors="0">
  <testcase name="createOneProductUsingExternalJsonFile" time="1.628" classname="testCases.CreateOneProductUsingExternalFileMethod"/>
  <testcase name="readAllProducts" time="0.982" classname="testCases.CreateOneProductUsingExternalFileMethod"/>
  <testcase name="readOneProductWhenCreatingProductUsingExternalJson" time="0.361" classname="testCases.CreateOneProductUsingExternalFileMethod"/>
</testsuite> <!-- testCases.CreateOneProductUsingExternalFileMethod -->
