<?xml version="1.0" encoding="UTF-8"?>
<!-- Generated by org.testng.reporters.JUnitReportReporter -->
<testsuite skipped="0" hostname="Comets-MBP.attlocal.net" name="testCases.CreateOneProductUsingExternalFileMethod" tests="3" failures="0" timestamp="13 Feb 2023 04:10:39 GMT" time="3.134" errors="0">
  <testcase name="createOneProductUsingExternalJsonFile" time="1.614" classname="testCases.CreateOneProductUsingExternalFileMethod"/>
  <testcase name="readAllProducts" time="1.176" classname="testCases.CreateOneProductUsingExternalFileMethod"/>
  <testcase name="readOneProductWhenCreatingProductUsingExternalJson" time="0.344" classname="testCases.CreateOneProductUsingExternalFileMethod"/>
</testsuite> <!-- testCases.CreateOneProductUsingExternalFileMethod -->
