<?xml version="1.0" encoding="UTF-8"?>
<!-- Generated by org.testng.reporters.JUnitReportReporter -->
<testsuite skipped="0" hostname="Comets-MBP.attlocal.net" name="test.CreateOneProductUsingExternalFileMethodTest" tests="3" failures="0" timestamp="2023-02-21T00:33:28 CST" time="3.619" errors="0">
  <testcase name="createOneProductUsingExternalJsonFile" time="2.341" classname="test.CreateOneProductUsingExternalFileMethodTest"/>
  <system-out/>
  <testcase name="readAllProducts" time="0.930" classname="test.CreateOneProductUsingExternalFileMethodTest"/>
  <system-out/>
  <testcase name="readOneProductWhenCreatingProductUsingExternalJson" time="0.348" classname="test.CreateOneProductUsingExternalFileMethodTest"/>
  <system-out/>
</testsuite> <!-- test.CreateOneProductUsingExternalFileMethodTest -->
