<?xml version="1.0" encoding="UTF-8"?>
<!-- Generated by org.testng.reporters.JUnitReportReporter -->
<testsuite skipped="0" hostname="Comets-MBP.attlocal.net" name="testCases.CreateOneProduct" tests="3" failures="0" timestamp="05 Feb 2023 18:20:40 GMT" time="2.785" errors="0">
  <testcase name="createOneProductUsingHashMap" time="1.510" classname="testCases.CreateOneProduct"/>
  <testcase name="readAllProducts" time="0.934" classname="testCases.CreateOneProduct"/>
  <testcase name="readOneProductWhenCreatingProductUsingHashMap" time="0.341" classname="testCases.CreateOneProduct"/>
</testsuite> <!-- testCases.CreateOneProduct -->
