<?xml version="1.0" encoding="UTF-8"?>
<!-- Generated by org.testng.reporters.JUnitReportReporter -->
<testsuite skipped="0" hostname="Comets-MBP.attlocal.net" name="testCases.ReadAllProducts" tests="1" failures="0" timestamp="04 Feb 2023 19:47:54 GMT" time="2.092" errors="0">
  <testcase name="readAllProducts" time="2.092" classname="testCases.ReadAllProducts"/>
</testsuite> <!-- testCases.ReadAllProducts -->
