<?xml version="1.0" encoding="UTF-8"?>
<!-- Generated by org.testng.reporters.JUnitReportReporter -->
<testsuite skipped="0" hostname="Comets-MBP.attlocal.net" name="testCases.CreateOneProductUsingExternalFileMethodDynamic" tests="3" failures="0" timestamp="13 Feb 2023 02:17:31 GMT" time="4.492" errors="0">
  <testcase name="createOneProductUsingExternalJsonFile" time="1.669" classname="testCases.CreateOneProductUsingExternalFileMethodDynamic"/>
  <testcase name="readAllProducts" time="2.216" classname="testCases.CreateOneProductUsingExternalFileMethodDynamic"/>
  <testcase name="readOneProductWhenCreatingProductUsingExternalJson" time="0.607" classname="testCases.CreateOneProductUsingExternalFileMethodDynamic"/>
</testsuite> <!-- testCases.CreateOneProductUsingExternalFileMethodDynamic -->
