<?xml version="1.0" encoding="UTF-8"?>
<!-- Generated by org.testng.reporters.JUnitReportReporter -->
<testsuite skipped="0" hostname="Comets-MBP.attlocal.net" name="testCases.ReadOneProduct" tests="1" failures="0" timestamp="13 Feb 2023 04:37:04 GMT" time="0.334" errors="0">
  <testcase name="readOneProduct" time="0.334" classname="testCases.ReadOneProduct"/>
</testsuite> <!-- testCases.ReadOneProduct -->
