<?xml version="1.0" encoding="UTF-8"?>
<!-- Generated by org.testng.reporters.JUnitReportReporter -->
<testsuite skipped="0" hostname="Comets-MBP.attlocal.net" name="testCases.DeleteOneProductUsingHashMap" tests="2" failures="0" timestamp="05 Feb 2023 19:21:58 GMT" time="1.826" errors="0">
  <testcase name="deleteOneProductUsingHashMap" time="1.505" classname="testCases.DeleteOneProductUsingHashMap"/>
  <testcase name="readOneProduct" time="0.321" classname="testCases.DeleteOneProductUsingHashMap"/>
</testsuite> <!-- testCases.DeleteOneProductUsingHashMap -->
