<?xml version="1.0" encoding="UTF-8"?>
<!-- Generated by org.testng.reporters.JUnitReportReporter -->
<testsuite skipped="0" hostname="Comets-MBP.attlocal.net" name="test.ReadOneProduct" tests="1" failures="0" timestamp="2023-02-12T23:56:53 CST" time="0.299" errors="0">
  <testcase name="readOneProduct" time="0.299" classname="test.ReadOneProduct"/>
  <system-out/>
</testsuite> <!-- test.ReadOneProduct -->
