<?xml version="1.0" encoding="UTF-8"?>
<!-- Generated by org.testng.reporters.JUnitReportReporter -->
<testsuite skipped="0" hostname="Comets-MBP.attlocal.net" name="testCases.CreateOneProductUsingHashMapMethod" tests="3" failures="0" timestamp="05 Feb 2023 18:49:48 GMT" time="2.917" errors="0">
  <testcase name="createOneProductUsingHashMap" time="1.611" classname="testCases.CreateOneProductUsingHashMapMethod"/>
  <testcase name="readAllProducts" time="0.967" classname="testCases.CreateOneProductUsingHashMapMethod"/>
  <testcase name="readOneProductWhenCreatingProductUsingHashMap" time="0.339" classname="testCases.CreateOneProductUsingHashMapMethod"/>
</testsuite> <!-- testCases.CreateOneProductUsingHashMapMethod -->
